<?xml version="1.0" encoding="UTF-8"?>
<!-- Generated by org.testng.reporters.JUnitXMLReporter -->
<testsuite hostname="BRILAP1418" ignored="0" name="Command line test" tests="4" failures="0" timestamp="2021-07-12T22:09:14 IST" time="17.445" errors="0">
  <testcase name="loginVerify" time="10.859" classname="com.testcases.rest.TestRest"/>
  <testcase name="accountDetails" time="2.485" classname="com.testcases.rest.TestRest"/>
  <testcase name="fundTranfer" time="1.245" classname="com.testcases.rest.TestRest"/>
  <testcase name="logOut" time="1.441" classname="com.testcases.rest.TestRest"/>
</testsuite> <!-- Command line test -->
