<?xml version="1.0" encoding="UTF-8"?>
<!-- Generated by org.testng.reporters.JUnitXMLReporter -->
<testsuite hostname="BRILAP1418" ignored="0" name="Command line test" tests="3" failures="0" timestamp="2021-07-12T21:38:16 IST" time="16.057" errors="0">
  <testcase name="loginVerify" time="10.655" classname="com.testcases.rest.TestRest"/>
  <testcase name="accountDetails" time="2.538" classname="com.testcases.rest.TestRest"/>
  <testcase name="fundTranfer" time="1.322" classname="com.testcases.rest.TestRest"/>
</testsuite> <!-- Command line test -->
