<?xml version="1.0" encoding="UTF-8"?>
<!-- Generated by org.testng.reporters.JUnitXMLReporter -->
<testsuite ignored="0" hostname="BRILAP1418" failures="0" tests="4" name="Default test" time="25.301" errors="0" timestamp="2021-07-13T16:00:49 IST">
  <testcase classname="com.testcases.rest.TestRest" name="loginVerify" time="12.345"/>
  <testcase classname="com.testcases.rest.TestRest" name="accountDetails" time="2.883"/>
  <testcase classname="com.testcases.rest.TestRest" name="fundTranfer" time="1.44"/>
  <testcase classname="com.testcases.rest.TestRest" name="logOut" time="6.259"/>
</testsuite> <!-- Default test -->
