<?xml version="1.0" encoding="UTF-8"?>
<!-- Generated by org.testng.reporters.JUnitXMLReporter -->
<testsuite ignored="0" hostname="BRILAP1418" failures="0" tests="4" name="Default test" time="18.806" errors="0" timestamp="2021-07-12T21:57:36 IST">
  <testcase classname="com.testcases.rest.TestRest" name="loginVerify" time="11.379"/>
  <testcase classname="com.testcases.rest.TestRest" name="accountDetails" time="3.36"/>
  <testcase classname="com.testcases.rest.TestRest" name="fundTranfer" time="1.396"/>
  <testcase classname="com.testcases.rest.TestRest" name="logOut" time="1.629"/>
</testsuite> <!-- Default test -->
