<?xml version="1.0" encoding="UTF-8"?>
<!-- Generated by org.testng.reporters.JUnitXMLReporter -->
<testsuite ignored="0" hostname="BRILAP1418" failures="0" tests="3" name="Default test" time="17.753" errors="0" timestamp="2021-07-12T21:32:19 IST">
  <testcase classname="com.testcases.rest.TestRest" name="loginVerify" time="11.394"/>
  <testcase classname="com.testcases.rest.TestRest" name="accountDetails" time="3.398"/>
  <testcase classname="com.testcases.rest.TestRest" name="fundTranfer" time="1.927"/>
</testsuite> <!-- Default test -->
