<?xml version="1.0" encoding="UTF-8"?>
<!-- Generated by org.testng.reporters.JUnitXMLReporter -->
<testsuite ignored="0" hostname="BRILAP1418" failures="0" tests="4" name="Rest Assured" time="24.204" errors="0" timestamp="2021-07-13T16:15:36 IST">
  <testcase classname="com.testcases.rest.TestRest" name="loginVerify" time="11.459"/>
  <testcase classname="com.testcases.rest.TestRest" name="accountDetails" time="2.919"/>
  <testcase classname="com.testcases.rest.TestRest" name="fundTranfer" time="1.406"/>
  <testcase classname="com.testcases.rest.TestRest" name="logOut" time="6.333"/>
</testsuite> <!-- Rest Assured -->
