<?xml version="1.0" encoding="UTF-8"?>
<!-- Generated by org.testng.reporters.JUnitXMLReporter -->
<testsuite ignored="0" hostname="BRILAP1418" failures="0" tests="4" name="Rest Assured" time="21.895" errors="0" timestamp="2021-07-13T18:20:38 IST">
  <testcase classname="com.testcases.rest.TestRest" name="loginVerify" time="10.798"/>
  <testcase classname="com.testcases.rest.TestRest" name="accountDetails" time="2.501"/>
  <testcase classname="com.testcases.rest.TestRest" name="fundTranfer" time="1.317"/>
  <testcase classname="com.testcases.rest.TestRest" name="logOut" time="5.675"/>
</testsuite> <!-- Rest Assured -->
