<?xml version="1.0" encoding="UTF-8" ?>
<testsuite tests="4" failures="0" name="com.testcases.rest.TestRest" time="33.677" errors="0" skipped="0">
  <properties>
[...]
</properties>
  <testcase classname="com.testcases.rest.TestRest" name="loginVerify" time="21.457"/>
  <testcase classname="com.testcases.rest.TestRest" name="accountDetails" time="7.441"/>
  <testcase classname="com.testcases.rest.TestRest" name="fundTranfer" time="1.789"/>
  <testcase classname="com.testcases.rest.TestRest" name="logOut" time="2.99"/>
</testsuite>